2018-03-12 03:47:56,934 [INFO] from application in play-dev-mode-akka.actor.default-dispatcher-3 - Creating Pool for datasource 'default'
2018-03-12 03:47:56,977 [INFO] from play.api.db.DefaultDBApi in play-dev-mode-akka.actor.default-dispatcher-3 - Database [default] connected at jdbc:h2:file:./data/productsDB
2018-03-12 03:47:58,052 [WARN] from org.hibernate.validator.messageinterpolation.ParameterMessageInterpolator in play-dev-mode-akka.actor.default-dispatcher-3 - HV000184: ParameterMessageInterpolator has been chosen, EL interpolation will not be supported
2018-03-12 03:47:58,437 [INFO] from play.api.http.EnabledFilters in play-dev-mode-akka.actor.default-dispatcher-3 - Enabled Filters (see <https://www.playframework.com/documentation/latest/Filters>):

    play.filters.csrf.CSRFFilter
    play.filters.headers.SecurityHeadersFilter
    play.filters.hosts.AllowedHostsFilter

2018-03-12 03:47:58,446 [INFO] from play.api.Play in play-dev-mode-akka.actor.default-dispatcher-3 - Application started (Dev)
2018-03-12 03:52:31,886 [INFO] from application in application-akka.actor.default-dispatcher-10 - Shutting down connection pool.
2018-03-12 03:52:32,125 [INFO] from application in play-dev-mode-akka.actor.default-dispatcher-10 - Creating Pool for datasource 'default'
2018-03-12 03:52:32,185 [INFO] from play.api.db.DefaultDBApi in play-dev-mode-akka.actor.default-dispatcher-10 - Database [default] connected at jdbc:h2:file:./data/productsDB
2018-03-12 03:52:32,512 [WARN] from org.hibernate.validator.messageinterpolation.ParameterMessageInterpolator in play-dev-mode-akka.actor.default-dispatcher-10 - HV000184: ParameterMessageInterpolator has been chosen, EL interpolation will not be supported
2018-03-12 03:52:32,588 [INFO] from play.api.http.EnabledFilters in play-dev-mode-akka.actor.default-dispatcher-10 - Enabled Filters (see <https://www.playframework.com/documentation/latest/Filters>):

    play.filters.csrf.CSRFFilter
    play.filters.headers.SecurityHeadersFilter
    play.filters.hosts.AllowedHostsFilter

2018-03-12 03:52:32,589 [INFO] from play.api.Play in play-dev-mode-akka.actor.default-dispatcher-10 - Application started (Dev)
2018-03-12 03:53:30,988 [WARN] from application in application-akka.actor.default-dispatcher-2 - The "validate" method in class "models.users.Login" is deprecated since Play 2.6. To migrate to class-level constraints see https://www.playframework.com/documentation/2.6.x/Migration26#java-form-changes and https://www.playframework.com/documentation/2.6.x/JavaForms#Advanced-validation
2018-03-12 03:55:39,622 [INFO] from application in application-akka.actor.default-dispatcher-11 - Shutting down connection pool.
2018-03-12 03:55:39,803 [INFO] from application in play-dev-mode-akka.actor.default-dispatcher-17 - Creating Pool for datasource 'default'
2018-03-12 03:55:39,812 [INFO] from play.api.db.DefaultDBApi in play-dev-mode-akka.actor.default-dispatcher-17 - Database [default] connected at jdbc:h2:file:./data/productsDB
2018-03-12 03:55:40,017 [WARN] from org.hibernate.validator.messageinterpolation.ParameterMessageInterpolator in play-dev-mode-akka.actor.default-dispatcher-17 - HV000184: ParameterMessageInterpolator has been chosen, EL interpolation will not be supported
2018-03-12 03:55:40,170 [INFO] from play.api.http.EnabledFilters in play-dev-mode-akka.actor.default-dispatcher-17 - Enabled Filters (see <https://www.playframework.com/documentation/latest/Filters>):

    play.filters.csrf.CSRFFilter
    play.filters.headers.SecurityHeadersFilter
    play.filters.hosts.AllowedHostsFilter

2018-03-12 03:55:40,172 [INFO] from play.api.Play in play-dev-mode-akka.actor.default-dispatcher-17 - Application started (Dev)
2018-03-12 03:56:50,383 [WARN] from application in application-akka.actor.default-dispatcher-9 - The "validate" method in class "models.users.Login" is deprecated since Play 2.6. To migrate to class-level constraints see https://www.playframework.com/documentation/2.6.x/Migration26#java-form-changes and https://www.playframework.com/documentation/2.6.x/JavaForms#Advanced-validation
2018-03-12 04:03:51,697 [INFO] from play.core.server.AkkaHttpServer in pool-71-thread-4 - Stopping server...
2018-03-12 04:03:51,726 [INFO] from application in application-akka.actor.default-dispatcher-8 - Shutting down connection pool.
